<?xml version="1.0" encoding="UTF-8"?>
<!-- Generated by org.testng.reporters.JUnitReportReporter -->
<testsuite skipped="0" hostname="BG4WS0628" name="drivers.Driver" tests="1" failures="0" timestamp="29 Jun 2018 12:34:55 GMT" time="37.523" errors="0">
  <testcase name="TC_69" time="37.523" classname="drivers.Driver"/>
</testsuite> <!-- drivers.Driver -->
